1655215184911	geckodriver	INFO	Listening on 127.0.0.1:58978
1655215187958	mozrunner::runner	INFO	Running command: "C:\\Program Files\\Mozilla Firefox\\firefox.exe" "--marionette" "--remote-debugging-port" "58979" "--remote-allow-hosts" "localhost" "-no-remote" "-profile" "C:\\Users\\Samuel\\AppData\\Local\\Temp\\rust_mozprofile3QFWtW"
1655215188398	Marionette	INFO	Marionette enabled
WebDriver BiDi listening on ws://localhost:58979
console.warn: SearchSettings: "get: No settings file exists, new profile?" (new NotFoundError("Could not open the file at C:\\Users\\Samuel\\AppData\\Local\\Temp\\rust_mozprofile3QFWtW\\search.json.mozlz4", (void 0)))
1655215190406	Marionette	INFO	Listening on port 59001
DevTools listening on ws://localhost:58979/devtools/browser/85a16475-3b94-4970-aa47-f02d6bf69d69
Read port: 59001
1655215190523	RemoteAgent	WARN	TLS certificate errors will be ignored for this session
1655215219144	Marionette	WARN	Ignoring event 'pageshow' because document has an invalid readyState of 'uninitialized'.
1655215220580	Marionette	WARN	Ignoring event 'pageshow' because document has an invalid readyState of 'uninitialized'.
1655215223547	Marionette	WARN	Ignoring event 'pageshow' because document has an invalid readyState of 'uninitialized'.
1655215226615	Marionette	WARN	Ignoring event 'pageshow' because document has an invalid readyState of 'uninitialized'.
1655215300010	geckodriver	INFO	Listening on 127.0.0.1:59169
1655215303052	mozrunner::runner	INFO	Running command: "C:\\Program Files\\Mozilla Firefox\\firefox.exe" "--marionette" "--remote-debugging-port" "59170" "--remote-allow-hosts" "localhost" "-no-remote" "-profile" "C:\\Users\\Samuel\\AppData\\Local\\Temp\\rust_mozprofileaxA5LH"
1655215303473	Marionette	INFO	Marionette enabled
WebDriver BiDi listening on ws://localhost:59170
console.warn: SearchSettings: "get: No settings file exists, new profile?" (new NotFoundError("Could not open the file at C:\\Users\\Samuel\\AppData\\Local\\Temp\\rust_mozprofileaxA5LH\\search.json.mozlz4", (void 0)))
1655215305592	Marionette	INFO	Listening on port 59192
DevTools listening on ws://localhost:59170/devtools/browser/b71d765d-b52d-468f-a8e8-cfab4d822ed3
Read port: 59192
1655215305635	RemoteAgent	WARN	TLS certificate errors will be ignored for this session
1655215328727	Marionette	WARN	Ignoring event 'pageshow' because document has an invalid readyState of 'uninitialized'.
JavaScript warning: https://sport.galera.bet/ndbftdgenericf1?btag=643017_l145364&AFFAGG, line 653: unreachable code after return statement
1655215344613	Marionette	WARN	Ignoring event 'pageshow' because document has an invalid readyState of 'uninitialized'.
1655215346463	Marionette	WARN	Ignoring event 'pageshow' because document has an invalid readyState of 'uninitialized'.
1655215349078	Marionette	WARN	Ignoring event 'pageshow' because document has an invalid readyState of 'uninitialized'.
1655215352634	Marionette	WARN	Ignoring event 'pageshow' because document has an invalid readyState of 'uninitialized'.
1655215875229	geckodriver	INFO	Listening on 127.0.0.1:59420
1655215878267	mozrunner::runner	INFO	Running command: "C:\\Program Files\\Mozilla Firefox\\firefox.exe" "--marionette" "--remote-debugging-port" "59421" "--remote-allow-hosts" "localhost" "-no-remote" "-profile" "C:\\Users\\Samuel\\AppData\\Local\\Temp\\rust_mozprofilekeYwY5"
1655215878717	Marionette	INFO	Marionette enabled
WebDriver BiDi listening on ws://localhost:59421
console.warn: SearchSettings: "get: No settings file exists, new profile?" (new NotFoundError("Could not open the file at C:\\Users\\Samuel\\AppData\\Local\\Temp\\rust_mozprofilekeYwY5\\search.json.mozlz4", (void 0)))
1655215880952	Marionette	INFO	Listening on port 59444
DevTools listening on ws://localhost:59421/devtools/browser/930fe5c0-07e0-4cd0-add4-dfbb3447d315
Read port: 59444
1655215881055	RemoteAgent	WARN	TLS certificate errors will be ignored for this session
JavaScript warning: https://sport.galera.bet/ndbftdgenericf1?btag=643017_l145364&AFFAGG, line 653: unreachable code after return statement
1655215933066	geckodriver	INFO	Listening on 127.0.0.1:59594
1655215936104	mozrunner::runner	INFO	Running command: "C:\\Program Files\\Mozilla Firefox\\firefox.exe" "--marionette" "--remote-debugging-port" "59595" "--remote-allow-hosts" "localhost" "-no-remote" "-profile" "C:\\Users\\Samuel\\AppData\\Local\\Temp\\rust_mozprofilenMqNyF"
1655215936541	Marionette	INFO	Marionette enabled
WebDriver BiDi listening on ws://localhost:59595
console.warn: SearchSettings: "get: No settings file exists, new profile?" (new NotFoundError("Could not open the file at C:\\Users\\Samuel\\AppData\\Local\\Temp\\rust_mozprofilenMqNyF\\search.json.mozlz4", (void 0)))
1655215938602	Marionette	INFO	Listening on port 59617
DevTools listening on ws://localhost:59595/devtools/browser/0e3e83cc-c756-4e59-96a6-31b6e3cd72d4
Read port: 59617
1655215938679	RemoteAgent	WARN	TLS certificate errors will be ignored for this session
1655215947499	Marionette	INFO	Stopped listening on port 59617

###!!! [Parent][PContentParent] Error: Send(msgname=PContent::Reply_DiscardBrowsingContext) Closed channel: cannot send/recv


###!!! [Parent][PContentParent] Error: Send(msgname=PContent::Reply_DiscardBrowsingContext) Closed channel: cannot send/recv


###!!! [Parent][PContentParent] Error: Send(msgname=PContent::Reply_DiscardBrowsingContext) Closed channel: cannot send/recv


###!!! [Parent][PContentParent] Error: Send(msgname=PContent::Reply_DiscardBrowsingContext) Closed channel: cannot send/recv


###!!! [Parent][PContentParent] Error: Send(msgname=PContent::Reply_DiscardBrowsingContext) Closed channel: cannot send/recv


###!!! [Parent][PContentParent] Error: Send(msgname=PContent::Msg_DestroyBrowsingContextGroup) Closed channel: cannot send/recv


###!!! [Child][PContentChild] Error: RunMessage(msgname=PContent::Msg_DiscardBrowsingContext) Channel closing: too late to send/recv, messages will be lost


###!!! [Child][PContentChild] Error: RunMessage(msgname=PContent::Msg_DiscardBrowsingContext) Channel closing: too late to send/recv, messages will be lost


###!!! [Child][PContentChild] Error: RunMessage(msgname=PContent::Msg_DiscardBrowsingContext) Channel closing: too late to send/recv, messages will be lost


###!!! [Child][PContentChild] Error: RunMessage(msgname=PContent::Msg_DiscardBrowsingContext) Channel closing: too late to send/recv, messages will be lost


###!!! [Child][PContentChild] Error: RunMessage(msgname=PContent::Msg_DiscardBrowsingContext) Channel closing: too late to send/recv, messages will be lost


###!!! [Child][PContentChild] Error: RunMessage(msgname=PContent::Reply_DiscardBrowsingContext) Channel closing: too late to send/recv, messages will be lost


###!!! [Child][PContentChild] Error: RunMessage(msgname=PHttpChannel::Msg_DeleteSelf) Channel closing: too late to send/recv, messages will be lost


###!!! [Child][PContentChild] Error: RunMessage(msgname=PHttpChannel::Msg_DeleteSelf) Channel closing: too late to send/recv, messages will be lost

1655218636803	geckodriver	INFO	Listening on 127.0.0.1:60539
1655218639846	mozrunner::runner	INFO	Running command: "C:\\Program Files\\Mozilla Firefox\\firefox.exe" "--marionette" "--remote-debugging-port" "60540" "--remote-allow-hosts" "localhost" "-no-remote" "-profile" "C:\\Users\\Samuel\\AppData\\Local\\Temp\\rust_mozprofileIzxs5c"
1655218640296	Marionette	INFO	Marionette enabled
WebDriver BiDi listening on ws://localhost:60540
console.warn: SearchSettings: "get: No settings file exists, new profile?" (new NotFoundError("Could not open the file at C:\\Users\\Samuel\\AppData\\Local\\Temp\\rust_mozprofileIzxs5c\\search.json.mozlz4", (void 0)))
1655218642506	Marionette	INFO	Listening on port 60566
DevTools listening on ws://localhost:60540/devtools/browser/7c2ea095-fbf4-4b9d-b6af-e2680e8395b7
Read port: 60566
1655218642588	RemoteAgent	WARN	TLS certificate errors will be ignored for this session
1655218652566	Marionette	INFO	Stopped listening on port 60566
JavaScript error: resource://devtools/client/jsonview/Sniffer.jsm, line 56: NS_ERROR_NOT_AVAILABLE: Component returned failure code: 0x80040111 (NS_ERROR_NOT_AVAILABLE) [nsIChannel.contentType]
